{
  "stats": {
    "suites": 5,
    "tests": 24,
    "passes": 24,
    "pending": 0,
    "failures": 0,
    "testsRegistered": 24,
    "passPercent": 100,
    "pendingPercent": 0,
    "other": 0,
    "hasOther": false,
    "skipped": 0,
    "hasSkipped": false,
    "start": "2026-07-30T01:48:01.564Z",
    "end": "2026-07-30T01:48:32.906Z",
    "duration": 31342
  },
  "results": [
    {
      "uuid": "8875bf04-d1ed-4735-8bd7-b86fb2f21958",
      "title": "",
      "fullFile": "cypress\\e2e\\regression\\carrinho.cy.js",
      "file": "cypress\\e2e\\regression\\carrinho.cy.js",
      "beforeHooks": [],
      "afterHooks": [],
      "tests": [],
      "suites": [
        {
          "uuid": "f3c4bdd9-89dd-4d8f-b499-abd3ac2d5c95",
          "title": "Saucedemo - Carrinho",
          "fullFile": "cypress\\e2e\\regression\\carrinho.cy.js",
          "file": "cypress\\e2e\\regression\\carrinho.cy.js",
          "beforeHooks": [],
          "afterHooks": [],
          "tests": [
            {
              "title": "CT-001 - Validar adição de produto ao carrinho e atualização de contador.",
              "fullTitle": "Saucedemo - Carrinho CT-001 - Validar adição de produto ao carrinho e atualização de contador.",
              "timedOut": null,
              "duration": 986,
              "state": "passed",
              "speed": "fast",
              "pass": true,
              "fail": false,
              "pending": false,
              "context": null,
              "code": "_CartPage.default.addProductToCart(\"sauce-labs-backpack\");\n_CartPage.default.validateProductAdded(\"sauce-labs-backpack\");\n_CartPage.default.validateCartCount(1);",
              "err": {},
              "uuid": "6af687be-9bc2-47b7-b2b3-f56f1ac070bc",
              "parentUUID": "f3c4bdd9-89dd-4d8f-b499-abd3ac2d5c95",
              "isHook": false,
              "skipped": false
            },
            {
              "title": "CT-002 - Validar remoção de produto ao carrinho e atualização de contador.",
              "fullTitle": "Saucedemo - Carrinho CT-002 - Validar remoção de produto ao carrinho e atualização de contador.",
              "timedOut": null,
              "duration": 892,
              "state": "passed",
              "speed": "fast",
              "pass": true,
              "fail": false,
              "pending": false,
              "context": null,
              "code": "_CartPage.default.addProductToCart(\"sauce-labs-backpack\");\n_CartPage.default.removeProductFromCart(\"sauce-labs-backpack\");\n_CartPage.default.validateRemovedProduct(\"sauce-labs-backpack\");\n_CartPage.default.validateEmptyCart();",
              "err": {},
              "uuid": "18a2d92f-b8e1-414f-8a61-5a5bad1d4b4c",
              "parentUUID": "f3c4bdd9-89dd-4d8f-b499-abd3ac2d5c95",
              "isHook": false,
              "skipped": false
            },
            {
              "title": "CT-003 - Validar redirecionamento ao carrinho e exibição dos produtos adicionados.",
              "fullTitle": "Saucedemo - Carrinho CT-003 - Validar redirecionamento ao carrinho e exibição dos produtos adicionados.",
              "timedOut": null,
              "duration": 958,
              "state": "passed",
              "speed": "fast",
              "pass": true,
              "fail": false,
              "pending": false,
              "context": null,
              "code": "_CartPage.default.addProductToCart(\"sauce-labs-backpack\");\n_CartPage.default.addProductToCart(\"sauce-labs-bike-light\");\n_CartPage.default.goToCart();\n_CartPage.default.validateCartPageItemsQuantity(2);",
              "err": {},
              "uuid": "4f87dfd7-454c-4a85-9fe4-808e300b6a4a",
              "parentUUID": "f3c4bdd9-89dd-4d8f-b499-abd3ac2d5c95",
              "isHook": false,
              "skipped": false
            },
            {
              "title": "CT-004 - Validar o retorno a página de produtos ao continuar comprando.",
              "fullTitle": "Saucedemo - Carrinho CT-004 - Validar o retorno a página de produtos ao continuar comprando.",
              "timedOut": null,
              "duration": 929,
              "state": "passed",
              "speed": "fast",
              "pass": true,
              "fail": false,
              "pending": false,
              "context": null,
              "code": "_CartPage.default.addProductToCart(\"sauce-labs-backpack\");\n_CartPage.default.goToCart();\n_CartPage.default.validateContinueShopping();\n_InventoryPage.default.validatePage();",
              "err": {},
              "uuid": "5b4c47c7-a70f-4a6e-9ecd-5d3081f98ac3",
              "parentUUID": "f3c4bdd9-89dd-4d8f-b499-abd3ac2d5c95",
              "isHook": false,
              "skipped": false
            }
          ],
          "suites": [],
          "passes": [
            "6af687be-9bc2-47b7-b2b3-f56f1ac070bc",
            "18a2d92f-b8e1-414f-8a61-5a5bad1d4b4c",
            "4f87dfd7-454c-4a85-9fe4-808e300b6a4a",
            "5b4c47c7-a70f-4a6e-9ecd-5d3081f98ac3"
          ],
          "failures": [],
          "pending": [],
          "skipped": [],
          "duration": 3765,
          "root": false,
          "rootEmpty": false,
          "_timeout": 2000
        }
      ],
      "passes": [],
      "failures": [],
      "pending": [],
      "skipped": [],
      "duration": 0,
      "root": true,
      "rootEmpty": true,
      "_timeout": 2000
    },
    {
      "uuid": "51aa8577-0329-4b9e-b231-3c30ed687fb2",
      "title": "",
      "fullFile": "cypress\\e2e\\regression\\checkout.cy.js",
      "file": "cypress\\e2e\\regression\\checkout.cy.js",
      "beforeHooks": [],
      "afterHooks": [],
      "tests": [],
      "suites": [
        {
          "uuid": "71151894-8e77-4390-9599-0ea8e62c0bc1",
          "title": "Saucedemo - Checkout (standard_user)",
          "fullFile": "cypress\\e2e\\regression\\checkout.cy.js",
          "file": "cypress\\e2e\\regression\\checkout.cy.js",
          "beforeHooks": [],
          "afterHooks": [],
          "tests": [
            {
              "title": "CT-001 - Validar início do processo de checkout",
              "fullTitle": "Saucedemo - Checkout (standard_user) CT-001 - Validar início do processo de checkout",
              "timedOut": null,
              "duration": 1109,
              "state": "passed",
              "speed": "fast",
              "pass": true,
              "fail": false,
              "pending": false,
              "context": null,
              "code": "_CheckoutPage.default.validateCheckoutPage();",
              "err": {},
              "uuid": "b24cbc69-39c0-44c5-bfa2-fbe785ca1973",
              "parentUUID": "71151894-8e77-4390-9599-0ea8e62c0bc1",
              "isHook": false,
              "skipped": false
            },
            {
              "title": "CT-002 - Validar o prosseguimento do checkout com dados válidos.",
              "fullTitle": "Saucedemo - Checkout (standard_user) CT-002 - Validar o prosseguimento do checkout com dados válidos.",
              "timedOut": null,
              "duration": 1612,
              "state": "passed",
              "speed": "fast",
              "pass": true,
              "fail": false,
              "pending": false,
              "context": null,
              "code": "_CheckoutPage.default.checkoutInfo(checkoutData.validCheckOut);\n_CheckoutPage.default.goToCheckoutStepTwo();\n_CheckoutPage.default.validateCheckoutStepTwoPage();",
              "err": {},
              "uuid": "4d13ab23-ae77-4b97-8e72-d7345ee3294b",
              "parentUUID": "71151894-8e77-4390-9599-0ea8e62c0bc1",
              "isHook": false,
              "skipped": false
            },
            {
              "title": "CT-003 - Validar mensagem de erro no campo obrigatório \"First Name\".",
              "fullTitle": "Saucedemo - Checkout (standard_user) CT-003 - Validar mensagem de erro no campo obrigatório \"First Name\".",
              "timedOut": null,
              "duration": 1431,
              "state": "passed",
              "speed": "fast",
              "pass": true,
              "fail": false,
              "pending": false,
              "context": null,
              "code": "_CheckoutPage.default.fillLastName(checkoutData.validCheckOut.lastName);\n_CheckoutPage.default.fillPostalCode(checkoutData.validCheckOut.postalCode);\n_CheckoutPage.default.goToCheckoutStepTwo();\n_CheckoutPage.default.validateError(\"First Name is required\");",
              "err": {},
              "uuid": "3a4bf586-b352-475b-a2d9-50bac7c90d5b",
              "parentUUID": "71151894-8e77-4390-9599-0ea8e62c0bc1",
              "isHook": false,
              "skipped": false
            },
            {
              "title": "CT-004 - Validar mensagem de erro no campo obrigatório \"Last Name\".",
              "fullTitle": "Saucedemo - Checkout (standard_user) CT-004 - Validar mensagem de erro no campo obrigatório \"Last Name\".",
              "timedOut": null,
              "duration": 1446,
              "state": "passed",
              "speed": "fast",
              "pass": true,
              "fail": false,
              "pending": false,
              "context": null,
              "code": "_CheckoutPage.default.fillFirstName(checkoutData.validCheckOut.firstName);\n_CheckoutPage.default.fillPostalCode(checkoutData.validCheckOut.postalCode);\n_CheckoutPage.default.goToCheckoutStepTwo();\n_CheckoutPage.default.validateError(\"Last Name is required\");",
              "err": {},
              "uuid": "8824e328-35d9-4721-89c9-ef66c104b700",
              "parentUUID": "71151894-8e77-4390-9599-0ea8e62c0bc1",
              "isHook": false,
              "skipped": false
            },
            {
              "title": "CT-005 - Validar mensagem de erro no campo obrigatório \"Postal Code\".",
              "fullTitle": "Saucedemo - Checkout (standard_user) CT-005 - Validar mensagem de erro no campo obrigatório \"Postal Code\".",
              "timedOut": null,
              "duration": 1365,
              "state": "passed",
              "speed": "fast",
              "pass": true,
              "fail": false,
              "pending": false,
              "context": null,
              "code": "_CheckoutPage.default.fillFirstName(checkoutData.validCheckOut.firstName);\n_CheckoutPage.default.fillLastName(checkoutData.validCheckOut.lastName);\n_CheckoutPage.default.goToCheckoutStepTwo();\n_CheckoutPage.default.validateError(\"Postal Code is required\");",
              "err": {},
              "uuid": "2c718fe4-a6cf-4fc1-90b5-58968b60239c",
              "parentUUID": "71151894-8e77-4390-9599-0ea8e62c0bc1",
              "isHook": false,
              "skipped": false
            },
            {
              "title": "CT-006 - Validar exibição do resumo da compra.",
              "fullTitle": "Saucedemo - Checkout (standard_user) CT-006 - Validar exibição do resumo da compra.",
              "timedOut": null,
              "duration": 1625,
              "state": "passed",
              "speed": "fast",
              "pass": true,
              "fail": false,
              "pending": false,
              "context": null,
              "code": "_CheckoutPage.default.checkoutInfo(checkoutData.validCheckOut);\n_CheckoutPage.default.goToCheckoutStepTwo();\n_CheckoutPage.default.validateSummaryPage();",
              "err": {},
              "uuid": "73ab166e-536a-4704-ab79-50c90e48ca4f",
              "parentUUID": "71151894-8e77-4390-9599-0ea8e62c0bc1",
              "isHook": false,
              "skipped": false
            },
            {
              "title": "CT-007 - Validar a finalização de compra.",
              "fullTitle": "Saucedemo - Checkout (standard_user) CT-007 - Validar a finalização de compra.",
              "timedOut": null,
              "duration": 1673,
              "state": "passed",
              "speed": "fast",
              "pass": true,
              "fail": false,
              "pending": false,
              "context": null,
              "code": "_CheckoutPage.default.checkoutInfo(checkoutData.validCheckOut);\n_CheckoutPage.default.goToCheckoutStepTwo();\n_CheckoutPage.default.goToCheckoutFinish();\n_CheckoutPage.default.validateCheckoutFinishPage();",
              "err": {},
              "uuid": "4506a5df-1d66-4d05-9df0-d9947ee7d3ee",
              "parentUUID": "71151894-8e77-4390-9599-0ea8e62c0bc1",
              "isHook": false,
              "skipped": false
            }
          ],
          "suites": [],
          "passes": [
            "b24cbc69-39c0-44c5-bfa2-fbe785ca1973",
            "4d13ab23-ae77-4b97-8e72-d7345ee3294b",
            "3a4bf586-b352-475b-a2d9-50bac7c90d5b",
            "8824e328-35d9-4721-89c9-ef66c104b700",
            "2c718fe4-a6cf-4fc1-90b5-58968b60239c",
            "73ab166e-536a-4704-ab79-50c90e48ca4f",
            "4506a5df-1d66-4d05-9df0-d9947ee7d3ee"
          ],
          "failures": [],
          "pending": [],
          "skipped": [],
          "duration": 10261,
          "root": false,
          "rootEmpty": false,
          "_timeout": 2000
        },
        {
          "uuid": "3c014917-4b8a-4573-b815-3eb3b54ace6c",
          "title": "Saucedemo - Checkout (error_user)",
          "fullFile": "cypress\\e2e\\regression\\checkout.cy.js",
          "file": "cypress\\e2e\\regression\\checkout.cy.js",
          "beforeHooks": [],
          "afterHooks": [],
          "tests": [
            {
              "title": "CT-008 - Validar comportamento do checkout com usuário error_user.",
              "fullTitle": "Saucedemo - Checkout (error_user) CT-008 - Validar comportamento do checkout com usuário error_user.",
              "timedOut": null,
              "duration": 1391,
              "state": "passed",
              "speed": "fast",
              "pass": true,
              "fail": false,
              "pending": false,
              "context": null,
              "code": "cy.login(userData.errorUser);\n_CartPage.default.addProductToCart(\"sauce-labs-backpack\");\n_CartPage.default.goToCart();\n_CheckoutPage.default.goToCheckout();\n_CheckoutPage.default.fillFirstName(checkoutData.validCheckOut.firstName);\n_CheckoutPage.default.fillPostalCode(checkoutData.validCheckOut.postalCode);\n_CheckoutPage.default.goToCheckoutStepTwo();\n_CheckoutPage.default.validateCheckoutStepTwoPage();",
              "err": {},
              "uuid": "622ef727-9f3f-4211-b4bb-622fc52aefef",
              "parentUUID": "3c014917-4b8a-4573-b815-3eb3b54ace6c",
              "isHook": false,
              "skipped": false
            }
          ],
          "suites": [],
          "passes": [
            "622ef727-9f3f-4211-b4bb-622fc52aefef"
          ],
          "failures": [],
          "pending": [],
          "skipped": [],
          "duration": 1391,
          "root": false,
          "rootEmpty": false,
          "_timeout": 2000
        }
      ],
      "passes": [],
      "failures": [],
      "pending": [],
      "skipped": [],
      "duration": 0,
      "root": true,
      "rootEmpty": true,
      "_timeout": 2000
    },
    {
      "uuid": "ed52ce27-83d7-4b1a-8754-c54a4a54d395",
      "title": "",
      "fullFile": "cypress\\e2e\\regression\\login.cy.js",
      "file": "cypress\\e2e\\regression\\login.cy.js",
      "beforeHooks": [],
      "afterHooks": [],
      "tests": [],
      "suites": [
        {
          "uuid": "6a1c4651-b1b6-400a-b1c6-aeaf7d7ebceb",
          "title": "Saucedemo - Login",
          "fullFile": "cypress\\e2e\\regression\\login.cy.js",
          "file": "cypress\\e2e\\regression\\login.cy.js",
          "beforeHooks": [],
          "afterHooks": [],
          "tests": [
            {
              "title": "CT-001 - Efetuar login com username e senha válidos.",
              "fullTitle": "Saucedemo - Login CT-001 - Efetuar login com username e senha válidos.",
              "timedOut": null,
              "duration": 952,
              "state": "passed",
              "speed": "fast",
              "pass": true,
              "fail": false,
              "pending": false,
              "context": null,
              "code": "cy.login(data.standardUser);\n_InventoryPage.default.validatePage();",
              "err": {},
              "uuid": "702e5be5-e7ac-4ad5-aa9d-a212ff09556a",
              "parentUUID": "6a1c4651-b1b6-400a-b1c6-aeaf7d7ebceb",
              "isHook": false,
              "skipped": false
            },
            {
              "title": "CT-002 - Exibir mensagem de erro ao deixar campo username vazio.",
              "fullTitle": "Saucedemo - Login CT-002 - Exibir mensagem de erro ao deixar campo username vazio.",
              "timedOut": null,
              "duration": 414,
              "state": "passed",
              "speed": "fast",
              "pass": true,
              "fail": false,
              "pending": false,
              "context": null,
              "code": "_LoginPage.default.fillPassword(data.standardUser.password);\n_LoginPage.default.clickLogin();\n_LoginPage.default.validateErrorMessage(\"Username is required\");",
              "err": {},
              "uuid": "4aaaf2cd-3084-487c-9af6-a56afeeb3ec5",
              "parentUUID": "6a1c4651-b1b6-400a-b1c6-aeaf7d7ebceb",
              "isHook": false,
              "skipped": false
            },
            {
              "title": "CT-003 - Exibir mensagem de erro ao deixar campo password vazio.",
              "fullTitle": "Saucedemo - Login CT-003 - Exibir mensagem de erro ao deixar campo password vazio.",
              "timedOut": null,
              "duration": 430,
              "state": "passed",
              "speed": "fast",
              "pass": true,
              "fail": false,
              "pending": false,
              "context": null,
              "code": "_LoginPage.default.fillUsername(data.standardUser.username);\n_LoginPage.default.clickLogin();\n_LoginPage.default.validateErrorMessage(\"Password is required\");",
              "err": {},
              "uuid": "73148b42-1d63-4c38-b245-ab98cfed65e9",
              "parentUUID": "6a1c4651-b1b6-400a-b1c6-aeaf7d7ebceb",
              "isHook": false,
              "skipped": false
            },
            {
              "title": "CT-004 - Exibir mensagem de erro ao deixar campo username e campo password vazio.",
              "fullTitle": "Saucedemo - Login CT-004 - Exibir mensagem de erro ao deixar campo username e campo password vazio.",
              "timedOut": null,
              "duration": 149,
              "state": "passed",
              "speed": "fast",
              "pass": true,
              "fail": false,
              "pending": false,
              "context": null,
              "code": "_LoginPage.default.clickLogin();\n_LoginPage.default.validateErrorMessage(\"Username is required\");",
              "err": {},
              "uuid": "b44506ed-9ace-413f-b3ae-698f74da4834",
              "parentUUID": "6a1c4651-b1b6-400a-b1c6-aeaf7d7ebceb",
              "isHook": false,
              "skipped": false
            },
            {
              "title": "CT-005 - Exibir mensagem de erro ao inserir username válido e password inválida.",
              "fullTitle": "Saucedemo - Login CT-005 - Exibir mensagem de erro ao inserir username válido e password inválida.",
              "timedOut": null,
              "duration": 759,
              "state": "passed",
              "speed": "fast",
              "pass": true,
              "fail": false,
              "pending": false,
              "context": null,
              "code": "_LoginPage.default.fillUsername(data.standardUser.username);\n_LoginPage.default.fillPassword(data.invalidUser.password);\n_LoginPage.default.clickLogin();\n_LoginPage.default.validateErrorMessage(\"Username and password do not match any user in this service\");",
              "err": {},
              "uuid": "97689fc1-5cee-410e-b6ef-5a1046350f7f",
              "parentUUID": "6a1c4651-b1b6-400a-b1c6-aeaf7d7ebceb",
              "isHook": false,
              "skipped": false
            },
            {
              "title": "CT-006 - Exibir mensagem de erro ao tentar logar com conta bloqueada.",
              "fullTitle": "Saucedemo - Login CT-006 - Exibir mensagem de erro ao tentar logar com conta bloqueada.",
              "timedOut": null,
              "duration": 798,
              "state": "passed",
              "speed": "fast",
              "pass": true,
              "fail": false,
              "pending": false,
              "context": null,
              "code": "cy.login(data.lockedOutUser);\n_LoginPage.default.validateErrorMessage(\"Sorry, this user has been locked out.\");",
              "err": {},
              "uuid": "b2e2cb46-2d1d-4185-9f04-6aa6fda5a230",
              "parentUUID": "6a1c4651-b1b6-400a-b1c6-aeaf7d7ebceb",
              "isHook": false,
              "skipped": false
            }
          ],
          "suites": [],
          "passes": [
            "702e5be5-e7ac-4ad5-aa9d-a212ff09556a",
            "4aaaf2cd-3084-487c-9af6-a56afeeb3ec5",
            "73148b42-1d63-4c38-b245-ab98cfed65e9",
            "b44506ed-9ace-413f-b3ae-698f74da4834",
            "97689fc1-5cee-410e-b6ef-5a1046350f7f",
            "b2e2cb46-2d1d-4185-9f04-6aa6fda5a230"
          ],
          "failures": [],
          "pending": [],
          "skipped": [],
          "duration": 3502,
          "root": false,
          "rootEmpty": false,
          "_timeout": 2000
        }
      ],
      "passes": [],
      "failures": [],
      "pending": [],
      "skipped": [],
      "duration": 0,
      "root": true,
      "rootEmpty": true,
      "_timeout": 2000
    },
    {
      "uuid": "7414f506-d369-4ef5-bb87-d51416a7924e",
      "title": "",
      "fullFile": "cypress\\e2e\\regression\\produtos.cy.js",
      "file": "cypress\\e2e\\regression\\produtos.cy.js",
      "beforeHooks": [],
      "afterHooks": [],
      "tests": [],
      "suites": [
        {
          "uuid": "c57d30d8-6f1f-40b6-8114-ac2fee404b47",
          "title": "Saucedemo - Produtos",
          "fullFile": "cypress\\e2e\\regression\\produtos.cy.js",
          "file": "cypress\\e2e\\regression\\produtos.cy.js",
          "beforeHooks": [],
          "afterHooks": [],
          "tests": [
            {
              "title": "CT-001 - Validar a exibição da listagem e componentes dos produtos.",
              "fullTitle": "Saucedemo - Produtos CT-001 - Validar a exibição da listagem e componentes dos produtos.",
              "timedOut": null,
              "duration": 1014,
              "state": "passed",
              "speed": "fast",
              "pass": true,
              "fail": false,
              "pending": false,
              "context": null,
              "code": "_InventoryPage.default.validateProductList();",
              "err": {},
              "uuid": "fc9c5e31-25a7-4a00-8dbd-aa769cacba7a",
              "parentUUID": "c57d30d8-6f1f-40b6-8114-ac2fee404b47",
              "isHook": false,
              "skipped": false
            },
            {
              "title": "CT-003 - Validar a ordenação de produtos por nome em ordem alfabética crescente.",
              "fullTitle": "Saucedemo - Produtos CT-003 - Validar a ordenação de produtos por nome em ordem alfabética crescente.",
              "timedOut": null,
              "duration": 833,
              "state": "passed",
              "speed": "fast",
              "pass": true,
              "fail": false,
              "pending": false,
              "context": null,
              "code": "_InventoryPage.default.validateProductListAsc();",
              "err": {},
              "uuid": "9cc880e0-1b6c-46da-a9c3-a60ea2bc9746",
              "parentUUID": "c57d30d8-6f1f-40b6-8114-ac2fee404b47",
              "isHook": false,
              "skipped": false
            },
            {
              "title": "CT-004 - Validar a ordenação de produtos por nome em ordem alfabética decrescente.",
              "fullTitle": "Saucedemo - Produtos CT-004 - Validar a ordenação de produtos por nome em ordem alfabética decrescente.",
              "timedOut": null,
              "duration": 835,
              "state": "passed",
              "speed": "fast",
              "pass": true,
              "fail": false,
              "pending": false,
              "context": null,
              "code": "_InventoryPage.default.validateProductListDesc();",
              "err": {},
              "uuid": "9adc705f-77f9-433f-8fbc-1042f9d5acb2",
              "parentUUID": "c57d30d8-6f1f-40b6-8114-ac2fee404b47",
              "isHook": false,
              "skipped": false
            },
            {
              "title": "CT-005 - Validar a ordenação de produtos por preço em ordem crescente.",
              "fullTitle": "Saucedemo - Produtos CT-005 - Validar a ordenação de produtos por preço em ordem crescente.",
              "timedOut": null,
              "duration": 831,
              "state": "passed",
              "speed": "fast",
              "pass": true,
              "fail": false,
              "pending": false,
              "context": null,
              "code": "_InventoryPage.default.validateProductListPriceAsc();",
              "err": {},
              "uuid": "f78ed5bc-6ff5-465a-b506-b531341bdb53",
              "parentUUID": "c57d30d8-6f1f-40b6-8114-ac2fee404b47",
              "isHook": false,
              "skipped": false
            },
            {
              "title": "CT-006 - Validar a ordenação de produtos por preço em ordem decrescente.",
              "fullTitle": "Saucedemo - Produtos CT-006 - Validar a ordenação de produtos por preço em ordem decrescente.",
              "timedOut": null,
              "duration": 846,
              "state": "passed",
              "speed": "fast",
              "pass": true,
              "fail": false,
              "pending": false,
              "context": null,
              "code": "_InventoryPage.default.validateProductListPriceDesc();",
              "err": {},
              "uuid": "d52b88fd-49a2-4240-9928-0eb7fc0292ae",
              "parentUUID": "c57d30d8-6f1f-40b6-8114-ac2fee404b47",
              "isHook": false,
              "skipped": false
            }
          ],
          "suites": [],
          "passes": [
            "fc9c5e31-25a7-4a00-8dbd-aa769cacba7a",
            "9cc880e0-1b6c-46da-a9c3-a60ea2bc9746",
            "9adc705f-77f9-433f-8fbc-1042f9d5acb2",
            "f78ed5bc-6ff5-465a-b506-b531341bdb53",
            "d52b88fd-49a2-4240-9928-0eb7fc0292ae"
          ],
          "failures": [],
          "pending": [],
          "skipped": [],
          "duration": 4359,
          "root": false,
          "rootEmpty": false,
          "_timeout": 2000
        }
      ],
      "passes": [],
      "failures": [],
      "pending": [],
      "skipped": [],
      "duration": 0,
      "root": true,
      "rootEmpty": true,
      "_timeout": 2000
    },
    {
      "uuid": "0bd82bd1-9163-4d57-8e5b-21f7e7909128",
      "title": "",
      "fullFile": "cypress\\e2e\\smoke\\smoke.cy.js",
      "file": "cypress\\e2e\\smoke\\smoke.cy.js",
      "beforeHooks": [],
      "afterHooks": [],
      "tests": [],
      "suites": [
        {
          "uuid": "06068bb5-00cc-4039-b01f-e16442f52a07",
          "title": "Saucedemo - Smoke Tests",
          "fullFile": "cypress\\e2e\\smoke\\smoke.cy.js",
          "file": "cypress\\e2e\\smoke\\smoke.cy.js",
          "beforeHooks": [],
          "afterHooks": [],
          "tests": [
            {
              "title": "Smoke - Validar fluxo principal",
              "fullTitle": "Saucedemo - Smoke Tests Smoke - Validar fluxo principal",
              "timedOut": null,
              "duration": 3400,
              "state": "passed",
              "speed": "fast",
              "pass": true,
              "fail": false,
              "pending": false,
              "context": null,
              "code": "cy.login(userData.standardUser);\n_InventoryPage.default.validatePage();\n_InventoryPage.default.validateProductList();\n_CartPage.default.addProductToCart(\"sauce-labs-backpack\");\n_CartPage.default.validateProductAdded(\"sauce-labs-backpack\");\n_CartPage.default.validateCartCount(1);\n_CartPage.default.goToCart();\n_CartPage.default.validateCartPageItemsQuantity(1);\n_CheckoutPage.default.goToCheckout();\n_CheckoutPage.default.validateCheckoutPage();\n_CheckoutPage.default.checkoutInfo(checkoutData.validCheckOut);\n_CheckoutPage.default.goToCheckoutStepTwo();\n_CheckoutPage.default.validateCheckoutStepTwoPage();\n_CheckoutPage.default.validateSummaryPage();\n_CheckoutPage.default.goToCheckoutFinish();\n_CheckoutPage.default.validateCheckoutFinishPage();",
              "err": {},
              "uuid": "4b9d7599-20ca-49a2-acf6-2ea3cb5f2b5a",
              "parentUUID": "06068bb5-00cc-4039-b01f-e16442f52a07",
              "isHook": false,
              "skipped": false
            }
          ],
          "suites": [],
          "passes": [
            "4b9d7599-20ca-49a2-acf6-2ea3cb5f2b5a"
          ],
          "failures": [],
          "pending": [],
          "skipped": [],
          "duration": 3400,
          "root": false,
          "rootEmpty": false,
          "_timeout": 2000
        }
      ],
      "passes": [],
      "failures": [],
      "pending": [],
      "skipped": [],
      "duration": 0,
      "root": true,
      "rootEmpty": true,
      "_timeout": 2000
    }
  ],
  "meta": {
    "mocha": {
      "version": "7.2.0"
    },
    "mochawesome": {
      "options": {
        "quiet": false,
        "reportFilename": "mochawesome",
        "saveHtml": false,
        "saveJson": true,
        "consoleReporter": "spec",
        "useInlineDiffs": false,
        "code": true
      },
      "version": "7.1.4"
    },
    "marge": {
      "options": {
        "reportDir": "cypress\\reports\\.jsons",
        "charts": true,
        "reportPageTitle": "SauceDemo Test Report",
        "embeddedScreenshots": true,
        "inlineAssets": true,
        "saveAllAttempts": false,
        "saveJson": true,
        "overwrite": false,
        "html": false,
        "json": true
      },
      "version": "6.3.2"
    }
  }
}